<?xml version="1.0" encoding="UTF-8"?>
<!-- Generated by org.testng.reporters.JUnitReportReporter -->
<testsuite hostname="DESKTOP-AFCIR4M" name="gitTest2.GitTest2" tests="1" failures="0" timestamp="20 Aug 2020 07:40:37 GMT" time="48.046" errors="0">
  <testcase name="loginTest" time="48.046" classname="gitTest2.GitTest2"/>
</testsuite> <!-- gitTest2.GitTest2 -->
