<?xml version="1.0" encoding="UTF-8"?>
<!-- Generated by org.testng.reporters.JUnitReportReporter -->
<testsuite hostname="DESKTOP-AFCIR4M" name="gitTest.GitTest" tests="1" failures="0" timestamp="20 Aug 2020 07:39:21 GMT" time="51.463" errors="0">
  <testcase name="loginTest" time="51.463" classname="gitTest.GitTest"/>
</testsuite> <!-- gitTest.GitTest -->
